07/14/2023 08:27:45 - WARNING - __main__ - Process rank: 0, device: cuda:0, n_gpu: 1distributed training: True, 16-bits training: False
07/14/2023 08:27:45 - INFO - __main__ - Training/evaluation parameters TrainingArguments(
_n_gpu=1,
adafactor=False,
adam_beta1=0.9,
adam_beta2=0.999,
adam_epsilon=1e-08,
auto_find_batch_size=False,
bf16=False,
bf16_full_eval=False,
data_seed=None,
dataloader_drop_last=False,
dataloader_num_workers=0,
dataloader_pin_memory=True,
ddp_backend=None,
ddp_broadcast_buffers=None,
ddp_bucket_cap_mb=None,
ddp_find_unused_parameters=None,
ddp_timeout=1800,
debug=[],
deepspeed=None,
disable_tqdm=False,
do_eval=True,
do_predict=False,
do_train=True,
eval_accumulation_steps=None,
eval_delay=0,
eval_steps=None,
evaluation_strategy=no,
fp16=False,
fp16_backend=auto,
fp16_full_eval=False,
fp16_opt_level=O1,
fsdp=[],
fsdp_config={'fsdp_min_num_params': 0, 'xla': False, 'xla_fsdp_grad_ckpt': False},
fsdp_min_num_params=0,
fsdp_transformer_layer_cls_to_wrap=None,
full_determinism=False,
gradient_accumulation_steps=1,
gradient_checkpointing=False,
greater_is_better=None,
group_by_length=False,
half_precision_backend=auto,
hub_model_id=None,
hub_private_repo=False,
hub_strategy=every_save,
hub_token=<HUB_TOKEN>,
ignore_data_skip=False,
include_inputs_for_metrics=False,
jit_mode_eval=False,
label_names=None,
label_smoothing_factor=0.0,
learning_rate=5e-05,
length_column_name=length,
load_best_model_at_end=False,
local_rank=0,
log_level=passive,
log_level_replica=warning,
log_on_each_node=True,
logging_dir=results_protbert/runs/Jul14_08-27-45_exp-1-60,
logging_first_step=False,
logging_nan_inf_filter=True,
logging_steps=500,
logging_strategy=steps,
lr_scheduler_type=linear,
max_grad_norm=1.0,
max_steps=-1,
metric_for_best_model=None,
mp_parameters=,
no_cuda=False,
num_train_epochs=3.0,
optim=adamw_hf,
optim_args=None,
output_dir=results_protbert,
overwrite_output_dir=True,
past_index=-1,
per_device_eval_batch_size=8,
per_device_train_batch_size=8,
prediction_loss_only=False,
push_to_hub=False,
push_to_hub_model_id=None,
push_to_hub_organization=None,
push_to_hub_token=<PUSH_TO_HUB_TOKEN>,
ray_scope=last,
remove_unused_columns=True,
report_to=[],
resume_from_checkpoint=None,
run_name=results_protbert,
save_on_each_node=False,
save_safetensors=False,
save_steps=500,
save_strategy=steps,
save_total_limit=None,
seed=42,
sharded_ddp=[],
skip_memory_metrics=True,
tf32=None,
torch_compile=False,
torch_compile_backend=None,
torch_compile_mode=None,
torchdynamo=None,
tpu_metrics_debug=False,
tpu_num_cores=None,
use_ipex=False,
use_legacy_prediction_loop=False,
use_mps_device=False,
warmup_ratio=0.0,
warmup_steps=0,
weight_decay=0.0,
xpu_backend=None,
)
07/14/2023 08:27:45 - INFO - datasets.builder - Using custom data configuration default-17f3948ee5158af1
07/14/2023 08:27:45 - INFO - datasets.info - Loading Dataset Infos from /home/yhuang5/mlm/.env/lib64/python3.9/site-packages/datasets/packaged_modules/csv
07/14/2023 08:27:46 - INFO - datasets.builder - Overwrite dataset info from restored data version if exists.
07/14/2023 08:27:46 - INFO - datasets.info - Loading Dataset info from /home/yhuang5/.cache/huggingface/datasets/csv/default-17f3948ee5158af1/0.0.0/eea64c71ca8b46dd3f537ed218fc9bf495d5707789152eb2764f5c78fa66d59d
07/14/2023 08:27:46 - WARNING - datasets.builder - Found cached dataset csv (/home/yhuang5/.cache/huggingface/datasets/csv/default-17f3948ee5158af1/0.0.0/eea64c71ca8b46dd3f537ed218fc9bf495d5707789152eb2764f5c78fa66d59d)
07/14/2023 08:27:46 - INFO - datasets.info - Loading Dataset info from /home/yhuang5/.cache/huggingface/datasets/csv/default-17f3948ee5158af1/0.0.0/eea64c71ca8b46dd3f537ed218fc9bf495d5707789152eb2764f5c78fa66d59d
  0%|          | 0/2 [00:00<?, ?it/s]100%|██████████| 2/2 [00:00<00:00, 778.16it/s]
[INFO|configuration_utils.py:712] 2023-07-14 08:27:46,205 >> loading configuration file config.json from cache at /home/yhuang5/.cache/huggingface/hub/models--Rostlab--prot_bert/snapshots/3d05bf06e79014892defacad82e0efd06e977ff6/config.json
[INFO|configuration_utils.py:768] 2023-07-14 08:27:46,206 >> Model config BertConfig {
  "_name_or_path": "Rostlab/prot_bert",
  "architectures": [
    "BertForMaskedLM"
  ],
  "attention_probs_dropout_prob": 0.0,
  "classifier_dropout": null,
  "hidden_act": "gelu",
  "hidden_dropout_prob": 0.0,
  "hidden_size": 1024,
  "initializer_range": 0.02,
  "intermediate_size": 4096,
  "layer_norm_eps": 1e-12,
  "max_position_embeddings": 40000,
  "model_type": "bert",
  "num_attention_heads": 16,
  "num_hidden_layers": 30,
  "pad_token_id": 0,
  "position_embedding_type": "absolute",
  "transformers_version": "4.31.0.dev0",
  "type_vocab_size": 2,
  "use_cache": true,
  "vocab_size": 30
}

[INFO|configuration_utils.py:712] 2023-07-14 08:27:46,292 >> loading configuration file config.json from cache at /home/yhuang5/.cache/huggingface/hub/models--Rostlab--prot_bert/snapshots/3d05bf06e79014892defacad82e0efd06e977ff6/config.json
[INFO|configuration_utils.py:768] 2023-07-14 08:27:46,293 >> Model config BertConfig {
  "_name_or_path": "Rostlab/prot_bert",
  "architectures": [
    "BertForMaskedLM"
  ],
  "attention_probs_dropout_prob": 0.0,
  "classifier_dropout": null,
  "hidden_act": "gelu",
  "hidden_dropout_prob": 0.0,
  "hidden_size": 1024,
  "initializer_range": 0.02,
  "intermediate_size": 4096,
  "layer_norm_eps": 1e-12,
  "max_position_embeddings": 40000,
  "model_type": "bert",
  "num_attention_heads": 16,
  "num_hidden_layers": 30,
  "pad_token_id": 0,
  "position_embedding_type": "absolute",
  "transformers_version": "4.31.0.dev0",
  "type_vocab_size": 2,
  "use_cache": true,
  "vocab_size": 30
}

[INFO|tokenization_utils_base.py:1843] 2023-07-14 08:27:46,294 >> loading file vocab.txt from cache at /home/yhuang5/.cache/huggingface/hub/models--Rostlab--prot_bert/snapshots/3d05bf06e79014892defacad82e0efd06e977ff6/vocab.txt
[INFO|tokenization_utils_base.py:1843] 2023-07-14 08:27:46,294 >> loading file tokenizer.json from cache at None
[INFO|tokenization_utils_base.py:1843] 2023-07-14 08:27:46,294 >> loading file added_tokens.json from cache at None
[INFO|tokenization_utils_base.py:1843] 2023-07-14 08:27:46,294 >> loading file special_tokens_map.json from cache at /home/yhuang5/.cache/huggingface/hub/models--Rostlab--prot_bert/snapshots/3d05bf06e79014892defacad82e0efd06e977ff6/special_tokens_map.json
[INFO|tokenization_utils_base.py:1843] 2023-07-14 08:27:46,294 >> loading file tokenizer_config.json from cache at /home/yhuang5/.cache/huggingface/hub/models--Rostlab--prot_bert/snapshots/3d05bf06e79014892defacad82e0efd06e977ff6/tokenizer_config.json
[INFO|configuration_utils.py:712] 2023-07-14 08:27:46,295 >> loading configuration file config.json from cache at /home/yhuang5/.cache/huggingface/hub/models--Rostlab--prot_bert/snapshots/3d05bf06e79014892defacad82e0efd06e977ff6/config.json
[INFO|configuration_utils.py:768] 2023-07-14 08:27:46,295 >> Model config BertConfig {
  "_name_or_path": "Rostlab/prot_bert",
  "architectures": [
    "BertForMaskedLM"
  ],
  "attention_probs_dropout_prob": 0.0,
  "classifier_dropout": null,
  "hidden_act": "gelu",
  "hidden_dropout_prob": 0.0,
  "hidden_size": 1024,
  "initializer_range": 0.02,
  "intermediate_size": 4096,
  "layer_norm_eps": 1e-12,
  "max_position_embeddings": 40000,
  "model_type": "bert",
  "num_attention_heads": 16,
  "num_hidden_layers": 30,
  "pad_token_id": 0,
  "position_embedding_type": "absolute",
  "transformers_version": "4.31.0.dev0",
  "type_vocab_size": 2,
  "use_cache": true,
  "vocab_size": 30
}

[INFO|configuration_utils.py:712] 2023-07-14 08:27:46,296 >> loading configuration file config.json from cache at /home/yhuang5/.cache/huggingface/hub/models--Rostlab--prot_bert/snapshots/3d05bf06e79014892defacad82e0efd06e977ff6/config.json
[INFO|configuration_utils.py:768] 2023-07-14 08:27:46,297 >> Model config BertConfig {
  "_name_or_path": "Rostlab/prot_bert",
  "architectures": [
    "BertForMaskedLM"
  ],
  "attention_probs_dropout_prob": 0.0,
  "classifier_dropout": null,
  "hidden_act": "gelu",
  "hidden_dropout_prob": 0.0,
  "hidden_size": 1024,
  "initializer_range": 0.02,
  "intermediate_size": 4096,
  "layer_norm_eps": 1e-12,
  "max_position_embeddings": 40000,
  "model_type": "bert",
  "num_attention_heads": 16,
  "num_hidden_layers": 30,
  "pad_token_id": 0,
  "position_embedding_type": "absolute",
  "transformers_version": "4.31.0.dev0",
  "type_vocab_size": 2,
  "use_cache": true,
  "vocab_size": 30
}

[INFO|modeling_utils.py:2603] 2023-07-14 08:27:46,302 >> loading weights file pytorch_model.bin from cache at /home/yhuang5/.cache/huggingface/hub/models--Rostlab--prot_bert/snapshots/3d05bf06e79014892defacad82e0efd06e977ff6/pytorch_model.bin
[INFO|configuration_utils.py:599] 2023-07-14 08:27:46,980 >> Generate config GenerationConfig {
  "_from_model_config": true,
  "pad_token_id": 0,
  "transformers_version": "4.31.0.dev0"
}

[WARNING|modeling_utils.py:3319] 2023-07-14 08:27:50,600 >> Some weights of the model checkpoint at Rostlab/prot_bert were not used when initializing BertForMaskedLM: ['cls.seq_relationship.weight', 'bert.pooler.dense.weight', 'bert.pooler.dense.bias', 'cls.seq_relationship.bias']
- This IS expected if you are initializing BertForMaskedLM from the checkpoint of a model trained on another task or with another architecture (e.g. initializing a BertForSequenceClassification model from a BertForPreTraining model).
- This IS NOT expected if you are initializing BertForMaskedLM from the checkpoint of a model that you expect to be exactly identical (initializing a BertForSequenceClassification model from a BertForSequenceClassification model).
[INFO|modeling_utils.py:3337] 2023-07-14 08:27:50,600 >> All the weights of BertForMaskedLM were initialized from the model checkpoint at Rostlab/prot_bert.
If your task is similar to the task the model of the checkpoint was trained on, you can already use BertForMaskedLM for predictions without further training.
[INFO|modeling_utils.py:2949] 2023-07-14 08:27:50,722 >> Generation config file not found, using a generation config created from the model config.
07/14/2023 08:27:50 - WARNING - __main__ - The chosen tokenizer supports a `model_max_length` that is longer than the default `block_size` value of 1024. If you would like to use a longer `block_size` up to `tokenizer.model_max_length` you can override this default with `--block_size xxx`.
07/14/2023 08:27:50 - WARNING - datasets.arrow_dataset - Loading cached processed dataset at /home/yhuang5/.cache/huggingface/datasets/csv/default-17f3948ee5158af1/0.0.0/eea64c71ca8b46dd3f537ed218fc9bf495d5707789152eb2764f5c78fa66d59d/cache-ca25af36f13db854.arrow
07/14/2023 08:27:50 - WARNING - datasets.arrow_dataset - Loading cached processed dataset at /home/yhuang5/.cache/huggingface/datasets/csv/default-17f3948ee5158af1/0.0.0/eea64c71ca8b46dd3f537ed218fc9bf495d5707789152eb2764f5c78fa66d59d/cache-97421f91bfb1efc5.arrow
07/14/2023 08:27:50 - WARNING - datasets.arrow_dataset - Loading cached processed dataset at /home/yhuang5/.cache/huggingface/datasets/csv/default-17f3948ee5158af1/0.0.0/eea64c71ca8b46dd3f537ed218fc9bf495d5707789152eb2764f5c78fa66d59d/cache-48199d8a156c896d.arrow
07/14/2023 08:27:50 - WARNING - datasets.arrow_dataset - Loading cached processed dataset at /home/yhuang5/.cache/huggingface/datasets/csv/default-17f3948ee5158af1/0.0.0/eea64c71ca8b46dd3f537ed218fc9bf495d5707789152eb2764f5c78fa66d59d/cache-1f2d332b6f30328f.arrow
[INFO|trainer.py:763] 2023-07-14 08:27:52,800 >> The following columns in the evaluation set don't have a corresponding argument in `BertForMaskedLM.forward` and have been ignored: special_tokens_mask. If special_tokens_mask are not expected by `BertForMaskedLM.forward`,  you can safely ignore this message.
[INFO|trainer.py:3081] 2023-07-14 08:27:52,807 >> ***** Running Evaluation *****
[INFO|trainer.py:3083] 2023-07-14 08:27:52,807 >>   Num examples = 18
[INFO|trainer.py:3086] 2023-07-14 08:27:52,807 >>   Batch size = 8
[WARNING|logging.py:280] 2023-07-14 08:27:52,817 >> You're using a BertTokenizerFast tokenizer. Please note that with a fast tokenizer, using the `__call__` method is faster than using a method to encode the text followed by a call to the `pad` method to get a padded encoding.
  0%|          | 0/3 [00:00<?, ?it/s] 67%|██████▋   | 2/3 [00:00<00:00,  2.79it/s]100%|██████████| 3/3 [00:00<00:00,  3.50it/s]/home/yhuang5/mlm/.env/lib64/python3.9/site-packages/numpy/lib/function_base.py:520: RuntimeWarning: Mean of empty slice.
  avg = a.mean(axis, **keepdims_kw)
/home/yhuang5/mlm/.env/lib64/python3.9/site-packages/numpy/core/_methods.py:129: RuntimeWarning: invalid value encountered in scalar divide
  ret = ret.dtype.type(ret / rcount)
100%|██████████| 3/3 [00:00<00:00,  3.01it/s]
[INFO|trainer.py:763] 2023-07-14 08:27:55,165 >> The following columns in the training set don't have a corresponding argument in `BertForMaskedLM.forward` and have been ignored: special_tokens_mask. If special_tokens_mask are not expected by `BertForMaskedLM.forward`,  you can safely ignore this message.
/home/yhuang5/mlm/.env/lib64/python3.9/site-packages/transformers/optimization.py:411: FutureWarning: This implementation of AdamW is deprecated and will be removed in a future version. Use the PyTorch implementation torch.optim.AdamW instead, or set `no_deprecation_warning=True` to disable this warning
  warnings.warn(
[INFO|trainer.py:1686] 2023-07-14 08:27:55,181 >> ***** Running training *****
[INFO|trainer.py:1687] 2023-07-14 08:27:55,181 >>   Num examples = 73
[INFO|trainer.py:1688] 2023-07-14 08:27:55,181 >>   Num Epochs = 3
[INFO|trainer.py:1689] 2023-07-14 08:27:55,181 >>   Instantaneous batch size per device = 8
[INFO|trainer.py:1692] 2023-07-14 08:27:55,181 >>   Total train batch size (w. parallel, distributed & accumulation) = 8
[INFO|trainer.py:1693] 2023-07-14 08:27:55,181 >>   Gradient Accumulation steps = 1
[INFO|trainer.py:1694] 2023-07-14 08:27:55,181 >>   Total optimization steps = 30
[INFO|trainer.py:1695] 2023-07-14 08:27:55,182 >>   Number of trainable parameters = 419,933,214
>>> Perplexity: nan
  0%|          | 0/30 [00:00<?, ?it/s]Traceback (most recent call last):
  File "/home/yhuang5/mlm/transformers/examples/pytorch/language-modeling/run_mlm.py", line 1307, in <module>
    main()
  File "/home/yhuang5/mlm/transformers/examples/pytorch/language-modeling/run_mlm.py", line 1205, in main
    train_result = trainer.train(resume_from_checkpoint=checkpoint)
  File "/home/yhuang5/mlm/.env/lib64/python3.9/site-packages/transformers/trainer.py", line 1539, in train
    return inner_training_loop(
  File "/home/yhuang5/mlm/.env/lib64/python3.9/site-packages/transformers/trainer.py", line 1809, in _inner_training_loop
    tr_loss_step = self.training_step(model, inputs)
  File "/home/yhuang5/mlm/.env/lib64/python3.9/site-packages/transformers/trainer.py", line 2654, in training_step
    loss = self.compute_loss(model, inputs)
  File "/home/yhuang5/mlm/.env/lib64/python3.9/site-packages/transformers/trainer.py", line 2679, in compute_loss
    outputs = model(**inputs)
  File "/home/yhuang5/mlm/.env/lib64/python3.9/site-packages/torch/nn/modules/module.py", line 1501, in _call_impl
    return forward_call(*args, **kwargs)
  File "/home/yhuang5/mlm/.env/lib64/python3.9/site-packages/transformers/models/bert/modeling_bert.py", line 1358, in forward
    outputs = self.bert(
  File "/home/yhuang5/mlm/.env/lib64/python3.9/site-packages/torch/nn/modules/module.py", line 1501, in _call_impl
    return forward_call(*args, **kwargs)
  File "/home/yhuang5/mlm/.env/lib64/python3.9/site-packages/transformers/models/bert/modeling_bert.py", line 1022, in forward
    encoder_outputs = self.encoder(
  File "/home/yhuang5/mlm/.env/lib64/python3.9/site-packages/torch/nn/modules/module.py", line 1501, in _call_impl
    return forward_call(*args, **kwargs)
  File "/home/yhuang5/mlm/.env/lib64/python3.9/site-packages/transformers/models/bert/modeling_bert.py", line 612, in forward
    layer_outputs = layer_module(
  File "/home/yhuang5/mlm/.env/lib64/python3.9/site-packages/torch/nn/modules/module.py", line 1501, in _call_impl
    return forward_call(*args, **kwargs)
  File "/home/yhuang5/mlm/.env/lib64/python3.9/site-packages/transformers/models/bert/modeling_bert.py", line 497, in forward
    self_attention_outputs = self.attention(
  File "/home/yhuang5/mlm/.env/lib64/python3.9/site-packages/torch/nn/modules/module.py", line 1501, in _call_impl
    return forward_call(*args, **kwargs)
  File "/home/yhuang5/mlm/.env/lib64/python3.9/site-packages/transformers/models/bert/modeling_bert.py", line 427, in forward
    self_outputs = self.self(
  File "/home/yhuang5/mlm/.env/lib64/python3.9/site-packages/torch/nn/modules/module.py", line 1501, in _call_impl
    return forward_call(*args, **kwargs)
  File "/home/yhuang5/mlm/.env/lib64/python3.9/site-packages/transformers/models/bert/modeling_bert.py", line 349, in forward
    attention_scores = attention_scores / math.sqrt(self.attention_head_size)
torch.cuda.OutOfMemoryError: CUDA out of memory. Tried to allocate 512.00 MiB (GPU 0; 31.75 GiB total capacity; 30.30 GiB already allocated; 470.19 MiB free; 30.42 GiB reserved in total by PyTorch) If reserved memory is >> allocated memory try setting max_split_size_mb to avoid fragmentation.  See documentation for Memory Management and PYTORCH_CUDA_ALLOC_CONF
  0%|          | 0/30 [00:00<?, ?it/s]
